d:\work_dsi\training\com\helloworldclient\airtelservice\x64\debug\airtelservice.pch
d:\work_dsi\training\com\helloworldclient\airtelservice\x64\debug\vc143.pdb
d:\work_dsi\training\com\helloworldclient\airtelservice\x64\debug\vc143.idb
d:\work_dsi\training\com\helloworldclient\airtelservice\x64\debug\pch.obj
d:\work_dsi\training\com\helloworldclient\airtelservice\x64\debug\dllmain.obj
d:\work_dsi\training\com\helloworldclient\airtelservice\x64\debug\cmobile.obj
d:\work_dsi\training\com\helloworldclient\airtelservice\x64\debug\chelloworld.obj
d:\work_dsi\training\com\helloworldclient\airtelservice\x64\debug\cfactory.obj
d:\work_dsi\training\com\helloworldclient\airtelservice\x64\debug\ccalculator.obj
d:\work_dsi\training\com\helloworldclient\airtelservice\x64\debug\tie_icalculator.obj
d:\work_dsi\training\com\helloworldclient\airtelservice\x64\debug\airtelservice.ilk
d:\work_dsi\training\com\helloworldclient\x64\debug\airtelservice.dll
d:\work_dsi\training\com\helloworldclient\x64\debug\airtelservice.pdb
d:\work_dsi\training\com\helloworldclient\x64\debug\airtelservice.lib
d:\work_dsi\training\com\helloworldclient\x64\debug\airtelservice.exp
d:\work_dsi\training\com\helloworldclient\airtelservice\x64\debug\airtelservice.tlog\cl.command.1.tlog
d:\work_dsi\training\com\helloworldclient\airtelservice\x64\debug\airtelservice.tlog\cl.read.1.tlog
d:\work_dsi\training\com\helloworldclient\airtelservice\x64\debug\airtelservice.tlog\cl.write.1.tlog
d:\work_dsi\training\com\helloworldclient\airtelservice\x64\debug\airtelservice.tlog\link.command.1.tlog
d:\work_dsi\training\com\helloworldclient\airtelservice\x64\debug\airtelservice.tlog\link.read.1.tlog
d:\work_dsi\training\com\helloworldclient\airtelservice\x64\debug\airtelservice.tlog\link.write.1.tlog
d:\work_dsi\training\com\helloworldclient\airtelservice\x64\debug\airtelservice.tlog\link.write.2u.tlog
