d:\work_dsi\training\com\helloworldclient\serviceprovider\x64\debug\serviceprovider.pch
d:\work_dsi\training\com\helloworldclient\serviceprovider\x64\debug\vc143.pdb
d:\work_dsi\training\com\helloworldclient\serviceprovider\x64\debug\vc143.idb
d:\work_dsi\training\com\helloworldclient\serviceprovider\x64\debug\pch.obj
d:\work_dsi\training\com\helloworldclient\serviceprovider\x64\debug\iunknown.obj
d:\work_dsi\training\com\helloworldclient\serviceprovider\x64\debug\imobile.obj
d:\work_dsi\training\com\helloworldclient\serviceprovider\x64\debug\ihelloworld.obj
d:\work_dsi\training\com\helloworldclient\serviceprovider\x64\debug\icalculator.obj
d:\work_dsi\training\com\helloworldclient\serviceprovider\x64\debug\dllmain.obj
d:\work_dsi\training\com\helloworldclient\serviceprovider\x64\debug\catbaseunknown.obj
d:\work_dsi\training\com\helloworldclient\serviceprovider\x64\debug\serviceprovider.ilk
d:\work_dsi\training\com\helloworldclient\x64\debug\serviceprovider.dll
d:\work_dsi\training\com\helloworldclient\x64\debug\serviceprovider.pdb
d:\work_dsi\training\com\helloworldclient\x64\debug\serviceprovider.lib
d:\work_dsi\training\com\helloworldclient\x64\debug\serviceprovider.exp
d:\work_dsi\training\com\helloworldclient\serviceprovider\x64\debug\serviceprovider.tlog\cl.command.1.tlog
d:\work_dsi\training\com\helloworldclient\serviceprovider\x64\debug\serviceprovider.tlog\cl.read.1.tlog
d:\work_dsi\training\com\helloworldclient\serviceprovider\x64\debug\serviceprovider.tlog\cl.write.1.tlog
d:\work_dsi\training\com\helloworldclient\serviceprovider\x64\debug\serviceprovider.tlog\link.command.1.tlog
d:\work_dsi\training\com\helloworldclient\serviceprovider\x64\debug\serviceprovider.tlog\link.read.1.tlog
d:\work_dsi\training\com\helloworldclient\serviceprovider\x64\debug\serviceprovider.tlog\link.write.1.tlog
d:\work_dsi\training\com\helloworldclient\serviceprovider\x64\debug\serviceprovider.tlog\link.write.2u.tlog
